Using pre-set license
Built from '2021.3/china_unity/release' branch; Version is '2021.3.23f1c1 (b82b1f861975) revision 12069663'; Using compiler version '192829333'; Build Type 'Release'
OS: 'Windows 11  (10.0.22000) 64bit CoreCountrySpecific' Language: 'zh' Physical Memory: 16236 MB
BatchMode: 1, IsHumanControllingUs: 0, StartBugReporterOnCrash: 0, Is64bit: 1, IsPro: 1

COMMAND LINE ARGUMENTS:
E:\unity\2021.3.23f1c1\Editor\Unity.exe
-adb2
-batchMode
-noUpm
-name
AssetImportWorker0
-projectPath
E:/Git/test
-logFile
Logs/AssetImportWorker0.log
-srvPort
59742
Successfully changed project path to: E:/Git/test
E:/Git/test
[UnityMemory] Configuration Parameters - Can be set up in boot.config
    "memorysetup-bucket-allocator-granularity=16"
    "memorysetup-bucket-allocator-bucket-count=8"
    "memorysetup-bucket-allocator-block-size=33554432"
    "memorysetup-bucket-allocator-block-count=8"
    "memorysetup-main-allocator-block-size=16777216"
    "memorysetup-thread-allocator-block-size=16777216"
    "memorysetup-gfx-main-allocator-block-size=16777216"
    "memorysetup-gfx-thread-allocator-block-size=16777216"
    "memorysetup-cache-allocator-block-size=4194304"
    "memorysetup-typetree-allocator-block-size=2097152"
    "memorysetup-profiler-bucket-allocator-granularity=16"
    "memorysetup-profiler-bucket-allocator-bucket-count=8"
    "memorysetup-profiler-bucket-allocator-block-size=33554432"
    "memorysetup-profiler-bucket-allocator-block-count=8"
    "memorysetup-profiler-allocator-block-size=16777216"
    "memorysetup-profiler-editor-allocator-block-size=1048576"
    "memorysetup-temp-allocator-size-main=16777216"
    "memorysetup-job-temp-allocator-block-size=2097152"
    "memorysetup-job-temp-allocator-block-size-background=1048576"
    "memorysetup-job-temp-allocator-reduction-small-platforms=262144"
    "memorysetup-temp-allocator-size-background-worker=32768"
    "memorysetup-temp-allocator-size-job-worker=262144"
    "memorysetup-temp-allocator-size-preload-manager=33554432"
    "memorysetup-temp-allocator-size-nav-mesh-worker=65536"
    "memorysetup-temp-allocator-size-audio-worker=65536"
    "memorysetup-temp-allocator-size-cloud-worker=32768"
    "memorysetup-temp-allocator-size-gi-baking-worker=262144"
    "memorysetup-temp-allocator-size-gfx=262144"
Player connection [16968] Host "[IP] 10.30.92.247 [Port] 0 [Flags] 2 [Guid] 1673701700 [EditorId] 1673701700 [Version] 1048832 [Id] WindowsEditor(7,LAPTOP-NMFQK1JL) [Debug] 1 [PackageName] WindowsEditor [ProjectName] Editor" joined multi-casting on [225.0.0.222:54997]...

Player connection [16968] Host "[IP] 10.30.92.247 [Port] 0 [Flags] 2 [Guid] 1673701700 [EditorId] 1673701700 [Version] 1048832 [Id] WindowsEditor(7,LAPTOP-NMFQK1JL) [Debug] 1 [PackageName] WindowsEditor [ProjectName] Editor" joined alternative multi-casting on [225.0.0.222:34997]...

AS: AutoStreaming module initializing.
Refreshing native plugins compatible for Editor in 65.86 ms, found 3 plugins.
Preloading 0 native plugins for Editor in 0.00 ms.
Initialize engine version: 2021.3.23f1c1 (b82b1f861975)
[Subsystems] Discovering subsystems at path E:/unity/2021.3.23f1c1/Editor/Data/Resources/UnitySubsystems
[Subsystems] Discovering subsystems at path E:/Git/test/Assets
GfxDevice: creating device client; threaded=0; jobified=0
Direct3D:
    Version:  Direct3D 11.0 [level 11.1]
    Renderer: NVIDIA GeForce RTX 3060 Laptop GPU (ID=0x2560)
    Vendor:   NVIDIA
    VRAM:     6009 MB
    Driver:   31.0.15.3118
Initialize mono
Mono path[0] = 'E:/unity/2021.3.23f1c1/Editor/Data/Managed'
Mono path[1] = 'E:/unity/2021.3.23f1c1/Editor/Data/MonoBleedingEdge/lib/mono/unityjit-win32'
Mono config path = 'E:/unity/2021.3.23f1c1/Editor/Data/MonoBleedingEdge/etc'
Using monoOptions --debugger-agent=transport=dt_socket,embedding=1,server=y,suspend=n,address=127.0.0.1:56160
Begin MonoManager ReloadAssembly
Registering precompiled unity dll's ...
Register platform support module: E:/unity/2021.3.23f1c1/Editor/Data/PlaybackEngines/WindowsStandaloneSupport/UnityEditor.WindowsStandalone.Extensions.dll
Registered in 0.003084 seconds.
Native extension for WindowsStandalone target not found
Refreshing native plugins compatible for Editor in 63.41 ms, found 3 plugins.
Preloading 0 native plugins for Editor in 0.00 ms.
Mono: successfully reloaded assembly
- Completed reload, in  0.611 seconds
Domain Reload Profiling:
	ReloadAssembly (611ms)
		BeginReloadAssembly (98ms)
			ExecutionOrderSort (0ms)
			DisableScriptedObjects (0ms)
			BackupInstance (0ms)
			ReleaseScriptingObjects (0ms)
			CreateAndSetChildDomain (1ms)
		EndReloadAssembly (410ms)
			LoadAssemblies (94ms)
			RebuildTransferFunctionScriptingTraits (0ms)
			SetupTypeCache (100ms)
			ReleaseScriptCaches (0ms)
			RebuildScriptCaches (24ms)
			SetupLoadedEditorAssemblies (228ms)
				LogAssemblyErrors (0ms)
				InitializePlatformSupportModulesInManaged (6ms)
				SetLoadedEditorAssemblies (0ms)
				RefreshPlugins (64ms)
				BeforeProcessingInitializeOnLoad (1ms)
				ProcessInitializeOnLoadAttributes (113ms)
				ProcessInitializeOnLoadMethodAttributes (43ms)
				AfterProcessingInitializeOnLoad (0ms)
				EditorAssembliesLoaded (0ms)
			ExecutionOrderSort2 (0ms)
			AwakeInstancesAfterBackupRestoration (0ms)
Platform modules already initialized, skipping
Registering precompiled user dll's ...
Registered in 0.010232 seconds.
Begin MonoManager ReloadAssembly
Symbol file LoadedFromMemory doesn't match image E:\Git\test\Library\PackageCache\com.unity.visualscripting@1.8.0\Editor\VisualScripting.Core\Dependencies\YamlDotNet\Unity.VisualScripting.YamlDotNet.dll
Symbol file LoadedFromMemory doesn't match image E:\Git\test\Library\PackageCache\com.unity.visualscripting@1.8.0\Editor\VisualScripting.Core\Dependencies\DotNetZip\Unity.VisualScripting.IonicZip.dll
Native extension for WindowsStandalone target not found
Refreshing native plugins compatible for Editor in 0.66 ms, found 3 plugins.
Preloading 0 native plugins for Editor in 0.00 ms.
Mono: successfully reloaded assembly
- Completed reload, in  1.023 seconds
Domain Reload Profiling:
	ReloadAssembly (1024ms)
		BeginReloadAssembly (127ms)
			ExecutionOrderSort (0ms)
			DisableScriptedObjects (6ms)
			BackupInstance (0ms)
			ReleaseScriptingObjects (0ms)
			CreateAndSetChildDomain (18ms)
		EndReloadAssembly (791ms)
			LoadAssemblies (97ms)
			RebuildTransferFunctionScriptingTraits (0ms)
			SetupTypeCache (182ms)
			ReleaseScriptCaches (0ms)
			RebuildScriptCaches (40ms)
			SetupLoadedEditorAssemblies (449ms)
				LogAssemblyErrors (0ms)
				InitializePlatformSupportModulesInManaged (4ms)
				SetLoadedEditorAssemblies (0ms)
				RefreshPlugins (1ms)
				BeforeProcessingInitializeOnLoad (67ms)
				ProcessInitializeOnLoadAttributes (347ms)
				ProcessInitializeOnLoadMethodAttributes (16ms)
				AfterProcessingInitializeOnLoad (14ms)
				EditorAssembliesLoaded (0ms)
			ExecutionOrderSort2 (0ms)
			AwakeInstancesAfterBackupRestoration (9ms)
Platform modules already initialized, skipping
========================================================================
Worker process is ready to serve import requests
Launched and connected shader compiler UnityShaderCompiler.exe after 0.05 seconds
Refreshing native plugins compatible for Editor in 1.26 ms, found 3 plugins.
Preloading 0 native plugins for Editor in 0.00 ms.
Unloading 2998 Unused Serialized files (Serialized files now loaded: 0)
Unloading 21 unused Assets / (56.6 KB). Loaded Objects now: 3478.
Memory consumption went from 122.2 MB to 122.2 MB.
Total: 3.365400 ms (FindLiveObjects: 0.226700 ms CreateObjectMapping: 0.186700 ms MarkObjects: 2.862100 ms  DeleteObjects: 0.089200 ms)

AssetImportParameters requested are different than current active one (requested -> active):
  custom:video-decoder-ogg-theora: a1e56fd34408186e4bbccfd4996cb3dc -> 
  custom:container-muxer-webm: aa71ff27fc2769a1b78a27578f13a17b -> 
  custom:container-demuxer-webm: 4f35f7cbe854078d1ac9338744f61a02 -> 
  custom:video-encoder-webm-vp8: eb34c28f22e8b96e1ab97ce403110664 -> 
  custom:video-codec-MediaFoundation-h265: 746d11721c4dcdbdad8f713fa42b33f4 -> 
  custom:audio-encoder-webm-vorbis: bf7c407c2cedff20999df2af8eb42d56 -> 
  custom:framework-win-MediaFoundation: 216162199b28c13a410421893ffa2e32 -> 
  custom:container-demuxer-ogg: 62fdf1f143b41e24485cea50d1cbac27 -> 
  custom:video-decoder-webm-vp8: 9c59270c3fd7afecdb556c50c9e8de78 -> 
  custom:audio-decoder-ogg-vorbis: bf7c407c2cedff20999df2af8eb42d56 -> 
========================================================================
Received Import Request.
  Time since last request: 243343.275243 seconds.
  path: Assets/Fonts/mplus hzk中文像素字体.ttf
  artifactKey: Guid(2a38aa918bf8ea748acd622230c3ae65) Importer(815301076,1909f56bfc062723c751e8b465ee728b)
Start importing Assets/Fonts/mplus hzk中文像素字体.ttf using Guid(2a38aa918bf8ea748acd622230c3ae65) Importer(815301076,1909f56bfc062723c751e8b465ee728b)  -> (artifact id: '0420c2c61fa68e93a1f94cc6ce27f985') in 0.137817 seconds 
========================================================================
Received Import Request.
  Time since last request: 0.000027 seconds.
  path: Assets/Fonts/mplus hzk中文像素字体 SDF.asset
  artifactKey: Guid(1d752730b64eabe4791d5a93124ca389) Importer(815301076,1909f56bfc062723c751e8b465ee728b)
Start importing Assets/Fonts/mplus hzk中文像素字体 SDF.asset using Guid(1d752730b64eabe4791d5a93124ca389) Importer(815301076,1909f56bfc062723c751e8b465ee728b)  -> (artifact id: 'b5e057ddc23e5ca547efab5c0a2fd00a') in 0.048344 seconds 
========================================================================
Received Import Request.
  Time since last request: 20.782332 seconds.
  path: Assets/Pixel Heroes Pack/Demo/Effects Prefabs/Fireball.prefab
  artifactKey: Guid(89e32d33ca639ea48b95f8cb09f3e7bd) Importer(815301076,1909f56bfc062723c751e8b465ee728b)
Start importing Assets/Pixel Heroes Pack/Demo/Effects Prefabs/Fireball.prefab using Guid(89e32d33ca639ea48b95f8cb09f3e7bd) Importer(815301076,1909f56bfc062723c751e8b465ee728b)  -> (artifact id: '86d89404e96c2f0b5287ac3dbb83cf31') in 0.035585 seconds 
========================================================================
Received Import Request.
  Time since last request: 0.000040 seconds.
  path: Assets/Pixel Heroes Pack/Demo/Effects Prefabs/MeteorStorm.prefab
  artifactKey: Guid(f430d7083bdbda341bf71c855e1e3e5a) Importer(815301076,1909f56bfc062723c751e8b465ee728b)
Start importing Assets/Pixel Heroes Pack/Demo/Effects Prefabs/MeteorStorm.prefab using Guid(f430d7083bdbda341bf71c855e1e3e5a) Importer(815301076,1909f56bfc062723c751e8b465ee728b)  -> (artifact id: '66327a21a94dee240576347436d26f0f') in 0.022753 seconds 
========================================================================
Received Import Request.
  Time since last request: 0.000020 seconds.
  path: Assets/Pixel Heroes Pack/Demo/Effects Prefabs/LightningBolt.prefab
  artifactKey: Guid(fe79eea80c3143544a3e29ebba5b4e6a) Importer(815301076,1909f56bfc062723c751e8b465ee728b)
Start importing Assets/Pixel Heroes Pack/Demo/Effects Prefabs/LightningBolt.prefab using Guid(fe79eea80c3143544a3e29ebba5b4e6a) Importer(815301076,1909f56bfc062723c751e8b465ee728b)  -> (artifact id: 'da5cb2a790a5c4e0db17f6372e963a41') in 0.012700 seconds 
========================================================================
Received Import Request.
  Time since last request: 0.000035 seconds.
  path: Assets/Pixel Heroes Pack/Demo/Effects Prefabs/LightningStorm.prefab
  artifactKey: Guid(8da3446a5db3b8a40838812c33dcfc25) Importer(815301076,1909f56bfc062723c751e8b465ee728b)
Start importing Assets/Pixel Heroes Pack/Demo/Effects Prefabs/LightningStorm.prefab using Guid(8da3446a5db3b8a40838812c33dcfc25) Importer(815301076,1909f56bfc062723c751e8b465ee728b)  -> (artifact id: 'f06eb823a6c98b969117b2e0fedd2c15') in 0.013678 seconds 
========================================================================
Received Import Request.
  Time since last request: 0.000019 seconds.
  path: Assets/Pixel Heroes Pack/Demo/Effects Prefabs/LightningStrike.prefab
  artifactKey: Guid(038e244deb0ab654ba0adee6fbbcdb7f) Importer(815301076,1909f56bfc062723c751e8b465ee728b)
Start importing Assets/Pixel Heroes Pack/Demo/Effects Prefabs/LightningStrike.prefab using Guid(038e244deb0ab654ba0adee6fbbcdb7f) Importer(815301076,1909f56bfc062723c751e8b465ee728b)  -> (artifact id: '51546edc35cf34c40e8dec188c483302') in 0.011380 seconds 
========================================================================
Received Import Request.
  Time since last request: 1.974080 seconds.
  path: Assets/Pixel Heroes Pack/Demo/Character Prefabs/Alchemist_Blue.prefab
  artifactKey: Guid(cf9c9dd6eb1530a428de4416d037926d) Importer(815301076,1909f56bfc062723c751e8b465ee728b)
Start importing Assets/Pixel Heroes Pack/Demo/Character Prefabs/Alchemist_Blue.prefab using Guid(cf9c9dd6eb1530a428de4416d037926d) Importer(815301076,1909f56bfc062723c751e8b465ee728b)  -> (artifact id: '600b9ba84f55d13628641e4a90291077') in 0.036048 seconds 
========================================================================
Received Import Request.
  Time since last request: 0.000024 seconds.
  path: Assets/Pixel Heroes Pack/Demo/Character Prefabs/Druid_White.prefab
  artifactKey: Guid(ab546cd25e11ad347bda8ca57de7f913) Importer(815301076,1909f56bfc062723c751e8b465ee728b)
Start importing Assets/Pixel Heroes Pack/Demo/Character Prefabs/Druid_White.prefab using Guid(ab546cd25e11ad347bda8ca57de7f913) Importer(815301076,1909f56bfc062723c751e8b465ee728b)  -> (artifact id: 'b420fff866ff8d354d4c21d0d41436d2') in 0.026129 seconds 
========================================================================
Received Import Request.
  Time since last request: 0.000022 seconds.
  path: Assets/Pixel Heroes Pack/Demo/Character Prefabs/Warlock_Black.prefab
  artifactKey: Guid(e721d3c7988770940a0a3e6afff459ba) Importer(815301076,1909f56bfc062723c751e8b465ee728b)
Start importing Assets/Pixel Heroes Pack/Demo/Character Prefabs/Warlock_Black.prefab using Guid(e721d3c7988770940a0a3e6afff459ba) Importer(815301076,1909f56bfc062723c751e8b465ee728b)  -> (artifact id: '36148ae2385449dba659287e45ac88cb') in 0.023330 seconds 
========================================================================
Received Import Request.
  Time since last request: 0.000025 seconds.
  path: Assets/Pixel Heroes Pack/Demo/Character Prefabs/Firemage_Purple.prefab
  artifactKey: Guid(a3b2b40332ddd5e4298027ed46828098) Importer(815301076,1909f56bfc062723c751e8b465ee728b)
Start importing Assets/Pixel Heroes Pack/Demo/Character Prefabs/Firemage_Purple.prefab using Guid(a3b2b40332ddd5e4298027ed46828098) Importer(815301076,1909f56bfc062723c751e8b465ee728b)  -> (artifact id: 'e52a5ef08fcc67939b99964b590a2664') in 0.026145 seconds 
========================================================================
Received Import Request.
  Time since last request: 0.000029 seconds.
  path: Assets/Pixel Heroes Pack/Demo/Character Prefabs/Barbarian.prefab
  artifactKey: Guid(dfd64951a5cacf14d9769a9608d16022) Importer(815301076,1909f56bfc062723c751e8b465ee728b)
Start importing Assets/Pixel Heroes Pack/Demo/Character Prefabs/Barbarian.prefab using Guid(dfd64951a5cacf14d9769a9608d16022) Importer(815301076,1909f56bfc062723c751e8b465ee728b)  -> (artifact id: 'b05ad458518a4495f401c27646184617') in 0.023059 seconds 
========================================================================
Received Import Request.
  Time since last request: 0.000018 seconds.
  path: Assets/Pixel Heroes Pack/Demo/Character Prefabs/Blademaster_Red.prefab
  artifactKey: Guid(7d26a4b39b86d1e46a8e30a0696e5001) Importer(815301076,1909f56bfc062723c751e8b465ee728b)
Start importing Assets/Pixel Heroes Pack/Demo/Character Prefabs/Blademaster_Red.prefab using Guid(7d26a4b39b86d1e46a8e30a0696e5001) Importer(815301076,1909f56bfc062723c751e8b465ee728b)  -> (artifact id: 'f332b62e6d8659065f02c45a3b5ee417') in 0.024080 seconds 
========================================================================
Received Import Request.
  Time since last request: 0.000028 seconds.
  path: Assets/Pixel Heroes Pack/Demo/Character Prefabs/Barbarian_Green.prefab
  artifactKey: Guid(e4e2d92c8dcec1e4ab2e6028beaa2eba) Importer(815301076,1909f56bfc062723c751e8b465ee728b)
Start importing Assets/Pixel Heroes Pack/Demo/Character Prefabs/Barbarian_Green.prefab using Guid(e4e2d92c8dcec1e4ab2e6028beaa2eba) Importer(815301076,1909f56bfc062723c751e8b465ee728b)  -> (artifact id: '5403e66129bfb3660b08fd9707978c75') in 0.020247 seconds 
========================================================================
Received Import Request.
  Time since last request: 0.000020 seconds.
  path: Assets/Pixel Heroes Pack/Demo/Character Prefabs/Priest.prefab
  artifactKey: Guid(9e1b5e2eccf80b5469a946ba1f2557cb) Importer(815301076,1909f56bfc062723c751e8b465ee728b)
Start importing Assets/Pixel Heroes Pack/Demo/Character Prefabs/Priest.prefab using Guid(9e1b5e2eccf80b5469a946ba1f2557cb) Importer(815301076,1909f56bfc062723c751e8b465ee728b)  -> (artifact id: '2d849389d52c3e5f92749b17ab02681e') in 0.024138 seconds 
========================================================================
Received Import Request.
  Time since last request: 0.000018 seconds.
  path: Assets/Pixel Heroes Pack/Demo/Character Prefabs/StormMage_Black.prefab
  artifactKey: Guid(102a317abe72b0e408bedef9781ba0dc) Importer(815301076,1909f56bfc062723c751e8b465ee728b)
Start importing Assets/Pixel Heroes Pack/Demo/Character Prefabs/StormMage_Black.prefab using Guid(102a317abe72b0e408bedef9781ba0dc) Importer(815301076,1909f56bfc062723c751e8b465ee728b)  -> (artifact id: '103ec082693066bdb2fa89472620891c') in 0.022543 seconds 
========================================================================
Received Import Request.
  Time since last request: 0.000021 seconds.
  path: Assets/Pixel Heroes Pack/Demo/Character Prefabs/Necromancer_Green.prefab
  artifactKey: Guid(c73d947124c47604289ec2f60585119d) Importer(815301076,1909f56bfc062723c751e8b465ee728b)
Start importing Assets/Pixel Heroes Pack/Demo/Character Prefabs/Necromancer_Green.prefab using Guid(c73d947124c47604289ec2f60585119d) Importer(815301076,1909f56bfc062723c751e8b465ee728b)  -> (artifact id: '58dac379a776d02b899008f1cc2f7424') in 0.023012 seconds 
Editor requested this worker to shutdown with reason: Scaling down because of idle timeout
AssetImportWorker is now disconnected from the server
Process exiting
Exiting without the bug reporter. Application will terminate with return code 0